2023-04-29 18:30:32 INFO     Iteration 0
2023-04-29 18:30:32 INFO     Running creduce
2023-04-29 18:31:02 INFO     CReduce timed out
2023-04-29 18:31:02 INFO     Compiling candidates
2023-04-29 18:31:03 INFO     Source code size difference: 153537, binary size difference: 0
2023-04-29 18:31:03 INFO     Initial source code size: 193277, initial binary size: 32768
2023-04-29 18:31:03 INFO     Reduced source code size: 39740, reduced binary size: 32768
2023-04-29 18:31:03 INFO     Ratio: 0.824560
2023-04-29 18:31:04 INFO     Source code size difference: 13404, binary size difference: 0
2023-04-29 18:31:04 INFO     Initial source code size: 193277, initial binary size: 32768
2023-04-29 18:31:04 INFO     Reduced source code size: 179873, reduced binary size: 32768
2023-04-29 18:31:04 INFO     Ratio: 0.182173
2023-04-29 18:31:05 INFO     Source code size difference: 156266, binary size difference: 0
2023-04-29 18:31:05 INFO     Initial source code size: 193277, initial binary size: 32768
2023-04-29 18:31:05 INFO     Reduced source code size: 37011, reduced binary size: 32768
2023-04-29 18:31:05 INFO     Ratio: 0.885358
2023-04-29 18:31:06 INFO     Source code size difference: 58668, binary size difference: 0
2023-04-29 18:31:06 INFO     Initial source code size: 193277, initial binary size: 32768
2023-04-29 18:31:06 INFO     Reduced source code size: 134609, reduced binary size: 32768
2023-04-29 18:31:06 INFO     Ratio: 0.243431
2023-04-29 18:31:06 INFO     Source code size difference: 153987, binary size difference: 0
2023-04-29 18:31:06 INFO     Initial source code size: 193277, initial binary size: 32768
2023-04-29 18:31:06 INFO     Reduced source code size: 39290, reduced binary size: 32768
2023-04-29 18:31:06 INFO     Ratio: 0.834004
2023-04-29 18:31:07 INFO     Source code size difference: 153940, binary size difference: 0
2023-04-29 18:31:07 INFO     Initial source code size: 193277, initial binary size: 32768
2023-04-29 18:31:07 INFO     Reduced source code size: 39337, reduced binary size: 32768
2023-04-29 18:31:07 INFO     Ratio: 0.833007
2023-04-29 18:31:08 INFO     Source code size difference: 151783, binary size difference: 0
2023-04-29 18:31:08 INFO     Initial source code size: 193277, initial binary size: 32768
2023-04-29 18:31:08 INFO     Reduced source code size: 41494, reduced binary size: 32768
2023-04-29 18:31:08 INFO     Ratio: 0.789705
2023-04-29 18:31:09 INFO     Source code size difference: 154462, binary size difference: 0
2023-04-29 18:31:09 INFO     Initial source code size: 193277, initial binary size: 32768
2023-04-29 18:31:09 INFO     Reduced source code size: 38815, reduced binary size: 32768
2023-04-29 18:31:09 INFO     Ratio: 0.844210
2023-04-29 18:31:09 INFO     Source code size difference: 152297, binary size difference: 0
2023-04-29 18:31:09 INFO     Initial source code size: 193277, initial binary size: 32768
2023-04-29 18:31:09 INFO     Reduced source code size: 40980, reduced binary size: 32768
2023-04-29 18:31:09 INFO     Ratio: 0.799610
2023-04-29 18:31:10 INFO     Source code size difference: 148762, binary size difference: 0
2023-04-29 18:31:10 INFO     Initial source code size: 193277, initial binary size: 32768
2023-04-29 18:31:10 INFO     Reduced source code size: 44515, reduced binary size: 32768
2023-04-29 18:31:10 INFO     Ratio: 0.736111
2023-04-29 18:31:11 INFO     Source code size difference: 58866, binary size difference: 0
2023-04-29 18:31:11 INFO     Initial source code size: 193277, initial binary size: 32768
2023-04-29 18:31:11 INFO     Reduced source code size: 134411, reduced binary size: 32768
2023-04-29 18:31:11 INFO     Ratio: 0.243790
2023-04-29 18:31:11 INFO     Source code size difference: 147028, binary size difference: 0
2023-04-29 18:31:11 INFO     Initial source code size: 193277, initial binary size: 32768
2023-04-29 18:31:11 INFO     Reduced source code size: 46249, reduced binary size: 32768
2023-04-29 18:31:11 INFO     Ratio: 0.708513
2023-04-29 18:31:12 INFO     Source code size difference: 156100, binary size difference: 0
2023-04-29 18:31:12 INFO     Initial source code size: 193277, initial binary size: 32768
2023-04-29 18:31:12 INFO     Reduced source code size: 37177, reduced binary size: 32768
2023-04-29 18:31:12 INFO     Ratio: 0.881405
2023-04-29 18:31:13 INFO     Source code size difference: 149713, binary size difference: 0
2023-04-29 18:31:13 INFO     Initial source code size: 193277, initial binary size: 32768
2023-04-29 18:31:13 INFO     Reduced source code size: 43564, reduced binary size: 32768
2023-04-29 18:31:13 INFO     Ratio: 0.752181
2023-04-29 18:31:14 INFO     Source code size difference: 155618, binary size difference: 0
2023-04-29 18:31:14 INFO     Initial source code size: 193277, initial binary size: 32768
2023-04-29 18:31:14 INFO     Reduced source code size: 37659, reduced binary size: 32768
2023-04-29 18:31:14 INFO     Ratio: 0.870124
2023-04-29 18:31:14 INFO     Source code size difference: 151647, binary size difference: 0
2023-04-29 18:31:14 INFO     Initial source code size: 193277, initial binary size: 32768
2023-04-29 18:31:14 INFO     Reduced source code size: 41630, reduced binary size: 32768
2023-04-29 18:31:14 INFO     Ratio: 0.787125
2023-04-29 18:31:15 INFO     Source code size difference: 155868, binary size difference: 0
2023-04-29 18:31:15 INFO     Initial source code size: 193277, initial binary size: 32768
2023-04-29 18:31:15 INFO     Reduced source code size: 37409, reduced binary size: 32768
2023-04-29 18:31:15 INFO     Ratio: 0.875939
2023-04-29 18:31:16 INFO     Source code size difference: 153858, binary size difference: 0
2023-04-29 18:31:16 INFO     Initial source code size: 193277, initial binary size: 32768
2023-04-29 18:31:16 INFO     Reduced source code size: 39419, reduced binary size: 32768
2023-04-29 18:31:16 INFO     Ratio: 0.831274
2023-04-29 18:31:16 INFO     Source code size difference: 156047, binary size difference: 0
2023-04-29 18:31:16 INFO     Initial source code size: 193277, initial binary size: 32768
2023-04-29 18:31:16 INFO     Reduced source code size: 37230, reduced binary size: 32768
2023-04-29 18:31:16 INFO     Ratio: 0.880150
2023-04-29 18:31:17 INFO     Source code size difference: 151456, binary size difference: 0
2023-04-29 18:31:17 INFO     Initial source code size: 193277, initial binary size: 32768
2023-04-29 18:31:17 INFO     Reduced source code size: 41821, reduced binary size: 32768
2023-04-29 18:31:17 INFO     Ratio: 0.783530
2023-04-29 18:31:18 INFO     Source code size difference: 148922, binary size difference: 0
2023-04-29 18:31:18 INFO     Initial source code size: 193277, initial binary size: 32768
2023-04-29 18:31:18 INFO     Reduced source code size: 44355, reduced binary size: 32768
2023-04-29 18:31:18 INFO     Ratio: 0.738767
2023-04-29 18:31:19 INFO     Source code size difference: 147283, binary size difference: 0
2023-04-29 18:31:19 INFO     Initial source code size: 193277, initial binary size: 32768
2023-04-29 18:31:19 INFO     Reduced source code size: 45994, reduced binary size: 32768
2023-04-29 18:31:19 INFO     Ratio: 0.712441
2023-04-29 18:31:19 INFO     Source code size difference: 147172, binary size difference: 0
2023-04-29 18:31:19 INFO     Initial source code size: 193277, initial binary size: 32768
2023-04-29 18:31:19 INFO     Reduced source code size: 46105, reduced binary size: 32768
2023-04-29 18:31:19 INFO     Ratio: 0.710726
2023-04-29 18:31:20 INFO     Source code size difference: 58276, binary size difference: 0
2023-04-29 18:31:20 INFO     Initial source code size: 193277, initial binary size: 32768
2023-04-29 18:31:20 INFO     Reduced source code size: 135001, reduced binary size: 32768
2023-04-29 18:31:20 INFO     Ratio: 0.242724
2023-04-29 18:31:21 INFO     Source code size difference: 151052, binary size difference: 0
2023-04-29 18:31:21 INFO     Initial source code size: 193277, initial binary size: 32768
2023-04-29 18:31:21 INFO     Reduced source code size: 42225, reduced binary size: 32768
2023-04-29 18:31:21 INFO     Ratio: 0.776033
2023-04-29 18:31:22 INFO     Source code size difference: 151418, binary size difference: 0
2023-04-29 18:31:22 INFO     Initial source code size: 193277, initial binary size: 32768
2023-04-29 18:31:22 INFO     Reduced source code size: 41859, reduced binary size: 32768
2023-04-29 18:31:22 INFO     Ratio: 0.782819
2023-04-29 18:31:22 INFO     Source code size difference: 151738, binary size difference: 0
2023-04-29 18:31:22 INFO     Initial source code size: 193277, initial binary size: 32768
2023-04-29 18:31:22 INFO     Reduced source code size: 41539, reduced binary size: 32768
2023-04-29 18:31:22 INFO     Ratio: 0.788849
2023-04-29 18:31:23 INFO     Source code size difference: 155816, binary size difference: 0
2023-04-29 18:31:23 INFO     Initial source code size: 193277, initial binary size: 32768
2023-04-29 18:31:23 INFO     Reduced source code size: 37461, reduced binary size: 32768
2023-04-29 18:31:23 INFO     Ratio: 0.874723
2023-04-29 18:31:24 INFO     Source code size difference: 58051, binary size difference: 0
2023-04-29 18:31:24 INFO     Initial source code size: 193277, initial binary size: 32768
2023-04-29 18:31:24 INFO     Reduced source code size: 135226, reduced binary size: 32768
2023-04-29 18:31:24 INFO     Ratio: 0.242320
2023-04-29 18:31:25 INFO     Source code size difference: 150929, binary size difference: 0
2023-04-29 18:31:25 INFO     Initial source code size: 193277, initial binary size: 32768
2023-04-29 18:31:25 INFO     Reduced source code size: 42348, reduced binary size: 32768
2023-04-29 18:31:25 INFO     Ratio: 0.773779
2023-04-29 18:31:25 INFO     Source code size difference: 153583, binary size difference: 0
2023-04-29 18:31:25 INFO     Initial source code size: 193277, initial binary size: 32768
2023-04-29 18:31:25 INFO     Reduced source code size: 39694, reduced binary size: 32768
2023-04-29 18:31:25 INFO     Ratio: 0.825515
2023-04-29 18:31:26 INFO     Source code size difference: 147010, binary size difference: 0
2023-04-29 18:31:26 INFO     Initial source code size: 193277, initial binary size: 32768
2023-04-29 18:31:26 INFO     Reduced source code size: 46267, reduced binary size: 32768
2023-04-29 18:31:26 INFO     Ratio: 0.708237
2023-04-29 18:31:27 INFO     Source code size difference: 153490, binary size difference: 0
2023-04-29 18:31:27 INFO     Initial source code size: 193277, initial binary size: 32768
2023-04-29 18:31:27 INFO     Reduced source code size: 39787, reduced binary size: 32768
2023-04-29 18:31:27 INFO     Ratio: 0.823586
2023-04-29 18:31:27 INFO     Source code size difference: 151882, binary size difference: 0
2023-04-29 18:31:27 INFO     Initial source code size: 193277, initial binary size: 32768
2023-04-29 18:31:27 INFO     Reduced source code size: 41395, reduced binary size: 32768
2023-04-29 18:31:27 INFO     Ratio: 0.791593
2023-04-29 18:31:28 INFO     Source code size difference: 148808, binary size difference: 0
2023-04-29 18:31:28 INFO     Initial source code size: 193277, initial binary size: 32768
2023-04-29 18:31:28 INFO     Reduced source code size: 44469, reduced binary size: 32768
2023-04-29 18:31:28 INFO     Ratio: 0.736873
2023-04-29 18:31:29 INFO     Source code size difference: 156226, binary size difference: 0
2023-04-29 18:31:29 INFO     Initial source code size: 193277, initial binary size: 32768
2023-04-29 18:31:29 INFO     Reduced source code size: 37051, reduced binary size: 32768
2023-04-29 18:31:29 INFO     Ratio: 0.884403
2023-04-29 18:31:30 INFO     Source code size difference: 0, binary size difference: 0
2023-04-29 18:31:30 INFO     Initial source code size: 193277, initial binary size: 32768
2023-04-29 18:31:30 INFO     Reduced source code size: 193277, reduced binary size: 32768
2023-04-29 18:31:30 INFO     Ratio: 0.169539
2023-04-29 18:31:31 INFO     Source code size difference: 135607, binary size difference: 0
2023-04-29 18:31:31 INFO     Initial source code size: 193277, initial binary size: 32768
2023-04-29 18:31:31 INFO     Reduced source code size: 57670, reduced binary size: 32768
2023-04-29 18:31:31 INFO     Ratio: 0.568198
2023-04-29 18:31:31 INFO     Source code size difference: 155984, binary size difference: 0
2023-04-29 18:31:31 INFO     Initial source code size: 193277, initial binary size: 32768
2023-04-29 18:31:31 INFO     Reduced source code size: 37293, reduced binary size: 32768
2023-04-29 18:31:31 INFO     Ratio: 0.878664
2023-04-29 18:31:32 INFO     Source code size difference: 154846, binary size difference: 0
2023-04-29 18:31:32 INFO     Initial source code size: 193277, initial binary size: 32768
2023-04-29 18:31:32 INFO     Reduced source code size: 38431, reduced binary size: 32768
2023-04-29 18:31:32 INFO     Ratio: 0.852645
2023-04-29 18:31:33 INFO     Source code size difference: 152356, binary size difference: 0
2023-04-29 18:31:33 INFO     Initial source code size: 193277, initial binary size: 32768
2023-04-29 18:31:33 INFO     Reduced source code size: 40921, reduced binary size: 32768
2023-04-29 18:31:33 INFO     Ratio: 0.800762
2023-04-29 18:31:33 INFO     Source code size difference: 156189, binary size difference: 0
2023-04-29 18:31:33 INFO     Initial source code size: 193277, initial binary size: 32768
2023-04-29 18:31:33 INFO     Reduced source code size: 37088, reduced binary size: 32768
2023-04-29 18:31:33 INFO     Ratio: 0.883520
2023-04-29 18:31:34 INFO     Source code size difference: 151837, binary size difference: 0
2023-04-29 18:31:34 INFO     Initial source code size: 193277, initial binary size: 32768
2023-04-29 18:31:34 INFO     Reduced source code size: 41440, reduced binary size: 32768
2023-04-29 18:31:34 INFO     Ratio: 0.790734
2023-04-29 18:31:35 INFO     Source code size difference: 153631, binary size difference: 0
2023-04-29 18:31:35 INFO     Initial source code size: 193277, initial binary size: 32768
2023-04-29 18:31:35 INFO     Reduced source code size: 39646, reduced binary size: 32768
2023-04-29 18:31:35 INFO     Ratio: 0.826515
2023-04-29 18:31:36 INFO     Source code size difference: 155710, binary size difference: 0
2023-04-29 18:31:36 INFO     Initial source code size: 193277, initial binary size: 32768
2023-04-29 18:31:36 INFO     Reduced source code size: 37567, reduced binary size: 32768
2023-04-29 18:31:36 INFO     Ratio: 0.872255
2023-04-29 18:31:36 INFO     Source code size difference: 146955, binary size difference: 0
2023-04-29 18:31:36 INFO     Initial source code size: 193277, initial binary size: 32768
2023-04-29 18:31:36 INFO     Reduced source code size: 46322, reduced binary size: 32768
2023-04-29 18:31:36 INFO     Ratio: 0.707396
2023-04-29 18:31:37 INFO     Source code size difference: 147035, binary size difference: 0
2023-04-29 18:31:37 INFO     Initial source code size: 193277, initial binary size: 32768
2023-04-29 18:31:37 INFO     Reduced source code size: 46242, reduced binary size: 32768
2023-04-29 18:31:37 INFO     Ratio: 0.708620
2023-04-29 18:31:38 INFO     Source code size difference: 155663, binary size difference: 0
2023-04-29 18:31:38 INFO     Initial source code size: 193277, initial binary size: 32768
2023-04-29 18:31:38 INFO     Reduced source code size: 37614, reduced binary size: 32768
2023-04-29 18:31:38 INFO     Ratio: 0.871165
2023-04-29 18:31:39 INFO     Source code size difference: 151107, binary size difference: 0
2023-04-29 18:31:39 INFO     Initial source code size: 193277, initial binary size: 32768
2023-04-29 18:31:39 INFO     Reduced source code size: 42170, reduced binary size: 32768
2023-04-29 18:31:39 INFO     Ratio: 0.777045
2023-04-29 18:31:39 INFO     Source code size difference: 58288, binary size difference: 0
2023-04-29 18:31:39 INFO     Initial source code size: 193277, initial binary size: 32768
2023-04-29 18:31:39 INFO     Reduced source code size: 134989, reduced binary size: 32768
2023-04-29 18:31:39 INFO     Ratio: 0.242746
2023-04-29 18:31:40 INFO     Source code size difference: 151691, binary size difference: 0
2023-04-29 18:31:40 INFO     Initial source code size: 193277, initial binary size: 32768
2023-04-29 18:31:40 INFO     Reduced source code size: 41586, reduced binary size: 32768
2023-04-29 18:31:40 INFO     Ratio: 0.787957
2023-04-29 18:31:41 INFO     Source code size difference: 148965, binary size difference: 0
2023-04-29 18:31:41 INFO     Initial source code size: 193277, initial binary size: 32768
2023-04-29 18:31:41 INFO     Reduced source code size: 44312, reduced binary size: 32768
2023-04-29 18:31:41 INFO     Ratio: 0.739484
2023-04-29 18:31:42 INFO     Source code size difference: 13485, binary size difference: 0
2023-04-29 18:31:42 INFO     Initial source code size: 193277, initial binary size: 32768
2023-04-29 18:31:42 INFO     Reduced source code size: 179792, reduced binary size: 32768
2023-04-29 18:31:42 INFO     Ratio: 0.182255
2023-04-29 18:31:42 INFO     Source code size difference: 147252, binary size difference: 0
2023-04-29 18:31:42 INFO     Initial source code size: 193277, initial binary size: 32768
2023-04-29 18:31:42 INFO     Reduced source code size: 46025, reduced binary size: 32768
2023-04-29 18:31:42 INFO     Ratio: 0.711961
2023-04-29 18:31:43 INFO     Source code size difference: 151324, binary size difference: 0
2023-04-29 18:31:43 INFO     Initial source code size: 193277, initial binary size: 32768
2023-04-29 18:31:43 INFO     Reduced source code size: 41953, reduced binary size: 32768
2023-04-29 18:31:43 INFO     Ratio: 0.781065
2023-04-29 18:31:44 INFO     Source code size difference: 146896, binary size difference: 0
2023-04-29 18:31:44 INFO     Initial source code size: 193277, initial binary size: 32768
2023-04-29 18:31:44 INFO     Reduced source code size: 46381, reduced binary size: 32768
2023-04-29 18:31:44 INFO     Ratio: 0.706496
2023-04-29 18:31:45 INFO     Source code size difference: 153728, binary size difference: 0
2023-04-29 18:31:45 INFO     Initial source code size: 193277, initial binary size: 32768
2023-04-29 18:31:45 INFO     Reduced source code size: 39549, reduced binary size: 32768
2023-04-29 18:31:45 INFO     Ratio: 0.828542
2023-04-29 18:31:45 INFO     Source code size difference: 156305, binary size difference: 0
2023-04-29 18:31:45 INFO     Initial source code size: 193277, initial binary size: 32768
2023-04-29 18:31:45 INFO     Reduced source code size: 36972, reduced binary size: 32768
2023-04-29 18:31:45 INFO     Ratio: 0.886292
2023-04-29 18:31:46 INFO     Source code size difference: 152806, binary size difference: 0
2023-04-29 18:31:46 INFO     Initial source code size: 193277, initial binary size: 32768
2023-04-29 18:31:46 INFO     Reduced source code size: 40471, reduced binary size: 32768
2023-04-29 18:31:46 INFO     Ratio: 0.809666
2023-04-29 18:31:47 INFO     Source code size difference: 151927, binary size difference: 0
2023-04-29 18:31:47 INFO     Initial source code size: 193277, initial binary size: 32768
2023-04-29 18:31:47 INFO     Reduced source code size: 41350, reduced binary size: 32768
2023-04-29 18:31:47 INFO     Ratio: 0.792455
2023-04-29 18:31:47 INFO     Source code size difference: 152901, binary size difference: 0
2023-04-29 18:31:47 INFO     Initial source code size: 193277, initial binary size: 32768
2023-04-29 18:31:47 INFO     Reduced source code size: 40376, reduced binary size: 32768
2023-04-29 18:31:47 INFO     Ratio: 0.811571
2023-04-29 18:31:48 INFO     Source code size difference: 148869, binary size difference: 0
2023-04-29 18:31:48 INFO     Initial source code size: 193277, initial binary size: 32768
2023-04-29 18:31:48 INFO     Reduced source code size: 44408, reduced binary size: 32768
2023-04-29 18:31:48 INFO     Ratio: 0.737885
2023-04-29 18:31:49 INFO     Source code size difference: 152252, binary size difference: 0
2023-04-29 18:31:49 INFO     Initial source code size: 193277, initial binary size: 32768
2023-04-29 18:31:49 INFO     Reduced source code size: 41025, reduced binary size: 32768
2023-04-29 18:31:49 INFO     Ratio: 0.798732
2023-04-29 18:31:50 INFO     Source code size difference: 153899, binary size difference: 0
2023-04-29 18:31:50 INFO     Initial source code size: 193277, initial binary size: 32768
2023-04-29 18:31:50 INFO     Reduced source code size: 39378, reduced binary size: 32768
2023-04-29 18:31:50 INFO     Ratio: 0.832140
2023-04-29 18:31:50 INFO     Source code size difference: 148704, binary size difference: 0
2023-04-29 18:31:50 INFO     Initial source code size: 193277, initial binary size: 32768
2023-04-29 18:31:50 INFO     Reduced source code size: 44573, reduced binary size: 32768
2023-04-29 18:31:50 INFO     Ratio: 0.735154
2023-04-29 18:31:51 INFO     Source code size difference: 147194, binary size difference: 0
2023-04-29 18:31:51 INFO     Initial source code size: 193277, initial binary size: 32768
2023-04-29 18:31:51 INFO     Reduced source code size: 46083, reduced binary size: 32768
2023-04-29 18:31:51 INFO     Ratio: 0.711065
2023-04-29 18:31:52 INFO     Source code size difference: 155912, binary size difference: 0
2023-04-29 18:31:52 INFO     Initial source code size: 193277, initial binary size: 32768
2023-04-29 18:31:52 INFO     Reduced source code size: 37365, reduced binary size: 32768
2023-04-29 18:31:52 INFO     Ratio: 0.876970
2023-04-29 18:31:52 INFO     Source code size difference: 152184, binary size difference: 0
2023-04-29 18:31:52 INFO     Initial source code size: 193277, initial binary size: 32768
2023-04-29 18:31:52 INFO     Reduced source code size: 41093, reduced binary size: 32768
2023-04-29 18:31:52 INFO     Ratio: 0.797411
2023-04-29 18:31:53 INFO     Source code size difference: 153815, binary size difference: 0
2023-04-29 18:31:53 INFO     Initial source code size: 193277, initial binary size: 32768
2023-04-29 18:31:53 INFO     Reduced source code size: 39462, reduced binary size: 32768
2023-04-29 18:31:53 INFO     Ratio: 0.830368
2023-04-29 18:31:54 INFO     Source code size difference: 152856, binary size difference: 0
2023-04-29 18:31:54 INFO     Initial source code size: 193277, initial binary size: 32768
2023-04-29 18:31:54 INFO     Reduced source code size: 40421, reduced binary size: 32768
2023-04-29 18:31:54 INFO     Ratio: 0.810668
2023-04-29 18:31:54 INFO     Source code size difference: 154899, binary size difference: 0
2023-04-29 18:31:54 INFO     Initial source code size: 193277, initial binary size: 32768
2023-04-29 18:31:54 INFO     Reduced source code size: 38378, reduced binary size: 32768
2023-04-29 18:31:54 INFO     Ratio: 0.853823
2023-04-29 18:31:55 INFO     Source code size difference: 151500, binary size difference: 0
2023-04-29 18:31:55 INFO     Initial source code size: 193277, initial binary size: 32768
2023-04-29 18:31:55 INFO     Reduced source code size: 41777, reduced binary size: 32768
2023-04-29 18:31:55 INFO     Ratio: 0.784355
2023-04-29 18:31:56 INFO     Source code size difference: 147083, binary size difference: 0
2023-04-29 18:31:56 INFO     Initial source code size: 193277, initial binary size: 32768
2023-04-29 18:31:56 INFO     Reduced source code size: 46194, reduced binary size: 32768
2023-04-29 18:31:56 INFO     Ratio: 0.709356
2023-04-29 18:31:57 INFO     Source code size difference: 156330, binary size difference: 0
2023-04-29 18:31:57 INFO     Initial source code size: 193277, initial binary size: 32768
2023-04-29 18:31:57 INFO     Reduced source code size: 36947, reduced binary size: 32768
2023-04-29 18:31:57 INFO     Ratio: 0.886892
2023-04-29 18:31:57 INFO     Source code size difference: 150986, binary size difference: 0
2023-04-29 18:31:57 INFO     Initial source code size: 193277, initial binary size: 32768
2023-04-29 18:31:57 INFO     Reduced source code size: 42291, reduced binary size: 32768
2023-04-29 18:31:57 INFO     Ratio: 0.774822
2023-04-29 18:31:58 INFO     Source code size difference: 147163, binary size difference: 0
2023-04-29 18:31:58 INFO     Initial source code size: 193277, initial binary size: 32768
2023-04-29 18:31:58 INFO     Reduced source code size: 46114, reduced binary size: 32768
2023-04-29 18:31:58 INFO     Ratio: 0.710587
2023-04-29 18:31:59 INFO     Source code size difference: 147108, binary size difference: 0
2023-04-29 18:31:59 INFO     Initial source code size: 193277, initial binary size: 32768
2023-04-29 18:31:59 INFO     Reduced source code size: 46169, reduced binary size: 32768
2023-04-29 18:31:59 INFO     Ratio: 0.709740
2023-04-29 18:31:59 INFO     Source code size difference: 154944, binary size difference: 0
2023-04-29 18:31:59 INFO     Initial source code size: 193277, initial binary size: 32768
2023-04-29 18:31:59 INFO     Reduced source code size: 38333, reduced binary size: 32768
2023-04-29 18:31:59 INFO     Ratio: 0.854825
2023-04-29 18:32:00 INFO     Source code size difference: 154374, binary size difference: 0
2023-04-29 18:32:00 INFO     Initial source code size: 193277, initial binary size: 32768
2023-04-29 18:32:00 INFO     Reduced source code size: 38903, reduced binary size: 32768
2023-04-29 18:32:00 INFO     Ratio: 0.842300
2023-04-29 18:32:01 INFO     Source code size difference: 106928, binary size difference: 0
2023-04-29 18:32:01 INFO     Initial source code size: 193277, initial binary size: 32768
2023-04-29 18:32:01 INFO     Reduced source code size: 86349, reduced binary size: 32768
2023-04-29 18:32:01 INFO     Ratio: 0.379483
2023-04-29 18:32:02 INFO     Source code size difference: 156153, binary size difference: 0
2023-04-29 18:32:02 INFO     Initial source code size: 193277, initial binary size: 32768
2023-04-29 18:32:02 INFO     Reduced source code size: 37124, reduced binary size: 32768
2023-04-29 18:32:02 INFO     Ratio: 0.882664
2023-04-29 18:32:02 INFO     Source code size difference: 153772, binary size difference: 0
2023-04-29 18:32:02 INFO     Initial source code size: 193277, initial binary size: 32768
2023-04-29 18:32:02 INFO     Reduced source code size: 39505, reduced binary size: 32768
2023-04-29 18:32:02 INFO     Ratio: 0.829465
2023-04-29 18:32:03 INFO     Source code size difference: 151362, binary size difference: 0
2023-04-29 18:32:03 INFO     Initial source code size: 193277, initial binary size: 32768
2023-04-29 18:32:03 INFO     Reduced source code size: 41915, reduced binary size: 32768
2023-04-29 18:32:03 INFO     Ratio: 0.781773
2023-04-29 18:32:04 INFO     Source code size difference: 156330, binary size difference: 0
2023-04-29 18:32:04 INFO     Initial source code size: 193277, initial binary size: 32768
2023-04-29 18:32:04 INFO     Reduced source code size: 36947, reduced binary size: 32768
2023-04-29 18:32:04 INFO     Ratio: 0.886892
2023-04-29 18:32:04 INFO     Best candidate this iteration: /Users/viktorgsteiger/Documents/ast-project/testing_output/iteration-0/interesting_BL2IM1pQzIg8mdIE.c
2023-04-29 18:32:04 INFO     Best heuristic value this iteration: 0.886892
2023-04-29 18:32:04 INFO     Best candidate info: (36947, 32768)
2023-04-29 18:32:04 INFO     Improvement
2023-04-29 18:32:04 INFO     Iteration 1
2023-04-29 18:32:04 INFO     Running creduce
2023-04-29 18:32:34 INFO     CReduce timed out
2023-04-29 18:32:34 INFO     Compiling candidates
2023-04-29 18:32:35 INFO     Source code size difference: 5378, binary size difference: 0
2023-04-29 18:32:35 INFO     Initial source code size: 36947, initial binary size: 32768
2023-04-29 18:32:35 INFO     Reduced source code size: 31569, reduced binary size: 32768
2023-04-29 18:32:35 INFO     Ratio: 1.037980
2023-04-29 18:32:35 INFO     Source code size difference: 3664, binary size difference: 0
2023-04-29 18:32:35 INFO     Initial source code size: 36947, initial binary size: 32768
2023-04-29 18:32:35 INFO     Reduced source code size: 33283, reduced binary size: 32768
2023-04-29 18:32:35 INFO     Ratio: 0.984527
2023-04-29 18:32:36 INFO     Source code size difference: 0, binary size difference: 0
2023-04-29 18:32:36 INFO     Initial source code size: 36947, initial binary size: 32768
2023-04-29 18:32:36 INFO     Reduced source code size: 36947, reduced binary size: 32768
2023-04-29 18:32:36 INFO     Ratio: 0.886892
2023-04-29 18:32:37 INFO     Source code size difference: 6422, binary size difference: 0
2023-04-29 18:32:37 INFO     Initial source code size: 36947, initial binary size: 32768
2023-04-29 18:32:37 INFO     Reduced source code size: 30525, reduced binary size: 32768
2023-04-29 18:32:37 INFO     Ratio: 1.073481
2023-04-29 18:32:37 INFO     Source code size difference: 1986, binary size difference: 0
2023-04-29 18:32:37 INFO     Initial source code size: 36947, initial binary size: 32768
2023-04-29 18:32:37 INFO     Reduced source code size: 34961, reduced binary size: 32768
2023-04-29 18:32:37 INFO     Ratio: 0.937273
2023-04-29 18:32:38 INFO     Source code size difference: 416, binary size difference: 0
2023-04-29 18:32:38 INFO     Initial source code size: 36947, initial binary size: 32768
2023-04-29 18:32:38 INFO     Reduced source code size: 36531, reduced binary size: 32768
2023-04-29 18:32:38 INFO     Ratio: 0.896992
2023-04-29 18:32:39 INFO     Source code size difference: 5570, binary size difference: 0
2023-04-29 18:32:39 INFO     Initial source code size: 36947, initial binary size: 32768
2023-04-29 18:32:39 INFO     Reduced source code size: 31377, reduced binary size: 32768
2023-04-29 18:32:39 INFO     Ratio: 1.044332
2023-04-29 18:32:40 INFO     Source code size difference: 3220, binary size difference: 0
2023-04-29 18:32:40 INFO     Initial source code size: 36947, initial binary size: 32768
2023-04-29 18:32:40 INFO     Reduced source code size: 33727, reduced binary size: 32768
2023-04-29 18:32:40 INFO     Ratio: 0.971566
2023-04-29 18:32:42 INFO     Source code size difference: 1797, binary size difference: 0
2023-04-29 18:32:42 INFO     Initial source code size: 36947, initial binary size: 32768
2023-04-29 18:32:42 INFO     Reduced source code size: 35150, reduced binary size: 32768
2023-04-29 18:32:42 INFO     Ratio: 0.932233
2023-04-29 18:32:42 INFO     Source code size difference: 2546, binary size difference: 0
2023-04-29 18:32:42 INFO     Initial source code size: 36947, initial binary size: 32768
2023-04-29 18:32:42 INFO     Reduced source code size: 34401, reduced binary size: 32768
2023-04-29 18:32:42 INFO     Ratio: 0.952530
2023-04-29 18:32:43 INFO     Source code size difference: 6422, binary size difference: 0
2023-04-29 18:32:43 INFO     Initial source code size: 36947, initial binary size: 32768
2023-04-29 18:32:43 INFO     Reduced source code size: 30525, reduced binary size: 32768
2023-04-29 18:32:43 INFO     Ratio: 1.073481
2023-04-29 18:32:44 INFO     Source code size difference: 2001, binary size difference: 0
2023-04-29 18:32:44 INFO     Initial source code size: 36947, initial binary size: 32768
2023-04-29 18:32:44 INFO     Reduced source code size: 34946, reduced binary size: 32768
2023-04-29 18:32:44 INFO     Ratio: 0.937675
2023-04-29 18:32:44 INFO     Source code size difference: 1292, binary size difference: 0
2023-04-29 18:32:44 INFO     Initial source code size: 36947, initial binary size: 32768
2023-04-29 18:32:44 INFO     Reduced source code size: 35655, reduced binary size: 32768
2023-04-29 18:32:44 INFO     Ratio: 0.919030
2023-04-29 18:32:45 INFO     Source code size difference: 6354, binary size difference: 0
2023-04-29 18:32:45 INFO     Initial source code size: 36947, initial binary size: 32768
2023-04-29 18:32:45 INFO     Reduced source code size: 30593, reduced binary size: 32768
2023-04-29 18:32:45 INFO     Ratio: 1.071095
2023-04-29 18:32:46 INFO     Source code size difference: 1873, binary size difference: 0
2023-04-29 18:32:46 INFO     Initial source code size: 36947, initial binary size: 32768
2023-04-29 18:32:46 INFO     Reduced source code size: 35074, reduced binary size: 32768
2023-04-29 18:32:46 INFO     Ratio: 0.934253
2023-04-29 18:32:47 INFO     Source code size difference: 1315, binary size difference: 0
2023-04-29 18:32:47 INFO     Initial source code size: 36947, initial binary size: 32768
2023-04-29 18:32:47 INFO     Reduced source code size: 35632, reduced binary size: 32768
2023-04-29 18:32:47 INFO     Ratio: 0.919623
2023-04-29 18:32:47 INFO     Best candidate this iteration: /Users/viktorgsteiger/Documents/ast-project/testing_output/iteration-1/init_1.c
2023-04-29 18:32:47 INFO     Best heuristic value this iteration: 1.073481
2023-04-29 18:32:47 INFO     Best candidate info: (30525, 32768)
2023-04-29 18:32:47 INFO     Best heuristic value so far: 0.886892
2023-04-29 18:32:47 INFO     Improvement
2023-04-29 18:32:47 INFO     Iteration 2
2023-04-29 18:32:47 INFO     Running creduce
2023-04-29 18:33:17 INFO     CReduce timed out
2023-04-29 18:33:17 INFO     Compiling candidates
2023-04-29 18:33:18 INFO     Source code size difference: 0, binary size difference: 0
2023-04-29 18:33:18 INFO     Initial source code size: 30525, initial binary size: 32768
2023-04-29 18:33:18 INFO     Reduced source code size: 30525, reduced binary size: 32768
2023-04-29 18:33:18 INFO     Ratio: 1.073481
2023-04-29 18:33:18 INFO     Source code size difference: 1730, binary size difference: 0
2023-04-29 18:33:18 INFO     Initial source code size: 30525, initial binary size: 32768
2023-04-29 18:33:18 INFO     Reduced source code size: 28795, reduced binary size: 32768
2023-04-29 18:33:18 INFO     Ratio: 1.137975
2023-04-29 18:33:19 INFO     Source code size difference: 2689, binary size difference: 0
2023-04-29 18:33:19 INFO     Initial source code size: 30525, initial binary size: 32768
2023-04-29 18:33:19 INFO     Reduced source code size: 27836, reduced binary size: 32768
2023-04-29 18:33:19 INFO     Ratio: 1.177181
2023-04-29 18:33:20 INFO     Source code size difference: 1551, binary size difference: 0
2023-04-29 18:33:20 INFO     Initial source code size: 30525, initial binary size: 32768
2023-04-29 18:33:20 INFO     Reduced source code size: 28974, reduced binary size: 32768
2023-04-29 18:33:20 INFO     Ratio: 1.130945
2023-04-29 18:33:21 INFO     Source code size difference: 2535, binary size difference: 0
2023-04-29 18:33:21 INFO     Initial source code size: 30525, initial binary size: 32768
2023-04-29 18:33:21 INFO     Reduced source code size: 27990, reduced binary size: 32768
2023-04-29 18:33:21 INFO     Ratio: 1.170704
2023-04-29 18:33:21 INFO     Source code size difference: 2549, binary size difference: 0
2023-04-29 18:33:21 INFO     Initial source code size: 30525, initial binary size: 32768
2023-04-29 18:33:21 INFO     Reduced source code size: 27976, reduced binary size: 32768
2023-04-29 18:33:21 INFO     Ratio: 1.171290
2023-04-29 18:33:22 INFO     Source code size difference: 2492, binary size difference: 0
2023-04-29 18:33:22 INFO     Initial source code size: 30525, initial binary size: 32768
2023-04-29 18:33:22 INFO     Reduced source code size: 28033, reduced binary size: 32768
2023-04-29 18:33:22 INFO     Ratio: 1.168908
2023-04-29 18:33:23 INFO     Source code size difference: 1856, binary size difference: 0
2023-04-29 18:33:23 INFO     Initial source code size: 30525, initial binary size: 32768
2023-04-29 18:33:23 INFO     Reduced source code size: 28669, reduced binary size: 32768
2023-04-29 18:33:23 INFO     Ratio: 1.142977
2023-04-29 18:33:23 INFO     Source code size difference: 1421, binary size difference: 0
2023-04-29 18:33:23 INFO     Initial source code size: 30525, initial binary size: 32768
2023-04-29 18:33:23 INFO     Reduced source code size: 29104, reduced binary size: 32768
2023-04-29 18:33:23 INFO     Ratio: 1.125893
2023-04-29 18:33:24 INFO     Source code size difference: 1644, binary size difference: 0
2023-04-29 18:33:24 INFO     Initial source code size: 30525, initial binary size: 32768
2023-04-29 18:33:24 INFO     Reduced source code size: 28881, reduced binary size: 32768
2023-04-29 18:33:24 INFO     Ratio: 1.134587
2023-04-29 18:33:25 INFO     Source code size difference: 2689, binary size difference: 0
2023-04-29 18:33:25 INFO     Initial source code size: 30525, initial binary size: 32768
2023-04-29 18:33:25 INFO     Reduced source code size: 27836, reduced binary size: 32768
2023-04-29 18:33:25 INFO     Ratio: 1.177181
2023-04-29 18:33:26 INFO     Source code size difference: 1724, binary size difference: 0
2023-04-29 18:33:26 INFO     Initial source code size: 30525, initial binary size: 32768
2023-04-29 18:33:26 INFO     Reduced source code size: 28801, reduced binary size: 32768
2023-04-29 18:33:26 INFO     Ratio: 1.137738
2023-04-29 18:33:26 INFO     Source code size difference: 2565, binary size difference: 0
2023-04-29 18:33:26 INFO     Initial source code size: 30525, initial binary size: 32768
2023-04-29 18:33:26 INFO     Reduced source code size: 27960, reduced binary size: 32768
2023-04-29 18:33:26 INFO     Ratio: 1.171960
2023-04-29 18:33:27 INFO     Source code size difference: 1599, binary size difference: 0
2023-04-29 18:33:27 INFO     Initial source code size: 30525, initial binary size: 32768
2023-04-29 18:33:27 INFO     Reduced source code size: 28926, reduced binary size: 32768
2023-04-29 18:33:27 INFO     Ratio: 1.132822
2023-04-29 18:33:28 INFO     Source code size difference: 1642, binary size difference: 0
2023-04-29 18:33:28 INFO     Initial source code size: 30525, initial binary size: 32768
2023-04-29 18:33:28 INFO     Reduced source code size: 28883, reduced binary size: 32768
2023-04-29 18:33:28 INFO     Ratio: 1.134508
2023-04-29 18:33:28 INFO     Source code size difference: 2006, binary size difference: 0
2023-04-29 18:33:28 INFO     Initial source code size: 30525, initial binary size: 32768
2023-04-29 18:33:28 INFO     Reduced source code size: 28519, reduced binary size: 32768
2023-04-29 18:33:28 INFO     Ratio: 1.148988
2023-04-29 18:33:29 INFO     Source code size difference: 1927, binary size difference: 0
2023-04-29 18:33:29 INFO     Initial source code size: 30525, initial binary size: 32768
2023-04-29 18:33:29 INFO     Reduced source code size: 28598, reduced binary size: 32768
2023-04-29 18:33:29 INFO     Ratio: 1.145814
2023-04-29 18:33:30 INFO     Source code size difference: 2689, binary size difference: 0
2023-04-29 18:33:30 INFO     Initial source code size: 30525, initial binary size: 32768
2023-04-29 18:33:30 INFO     Reduced source code size: 27836, reduced binary size: 32768
2023-04-29 18:33:30 INFO     Ratio: 1.177181
2023-04-29 18:33:31 INFO     Source code size difference: 2476, binary size difference: 0
2023-04-29 18:33:31 INFO     Initial source code size: 30525, initial binary size: 32768
2023-04-29 18:33:31 INFO     Reduced source code size: 28049, reduced binary size: 32768
2023-04-29 18:33:31 INFO     Ratio: 1.168241
2023-04-29 18:33:32 INFO     Source code size difference: 1836, binary size difference: 0
2023-04-29 18:33:32 INFO     Initial source code size: 30525, initial binary size: 32768
2023-04-29 18:33:32 INFO     Reduced source code size: 28689, reduced binary size: 32768
2023-04-29 18:33:32 INFO     Ratio: 1.142180
2023-04-29 18:33:33 INFO     Source code size difference: 2247, binary size difference: 0
2023-04-29 18:33:33 INFO     Initial source code size: 30525, initial binary size: 32768
2023-04-29 18:33:33 INFO     Reduced source code size: 28278, reduced binary size: 32768
2023-04-29 18:33:33 INFO     Ratio: 1.158781
2023-04-29 18:33:34 INFO     Source code size difference: 1262, binary size difference: 0
2023-04-29 18:33:34 INFO     Initial source code size: 30525, initial binary size: 32768
2023-04-29 18:33:34 INFO     Reduced source code size: 29263, reduced binary size: 32768
2023-04-29 18:33:34 INFO     Ratio: 1.119776
2023-04-29 18:33:37 INFO     Source code size difference: 1812, binary size difference: 0
2023-04-29 18:33:37 INFO     Initial source code size: 30525, initial binary size: 32768
2023-04-29 18:33:37 INFO     Reduced source code size: 28713, reduced binary size: 32768
2023-04-29 18:33:37 INFO     Ratio: 1.141225
2023-04-29 18:33:38 INFO     Source code size difference: 1765, binary size difference: 0
2023-04-29 18:33:38 INFO     Initial source code size: 30525, initial binary size: 32768
2023-04-29 18:33:38 INFO     Reduced source code size: 28760, reduced binary size: 32768
2023-04-29 18:33:38 INFO     Ratio: 1.139360
2023-04-29 18:33:39 INFO     Source code size difference: 1517, binary size difference: 0
2023-04-29 18:33:39 INFO     Initial source code size: 30525, initial binary size: 32768
2023-04-29 18:33:39 INFO     Reduced source code size: 29008, reduced binary size: 32768
2023-04-29 18:33:39 INFO     Ratio: 1.129619
2023-04-29 18:33:40 INFO     Source code size difference: 2683, binary size difference: 0
2023-04-29 18:33:40 INFO     Initial source code size: 30525, initial binary size: 32768
2023-04-29 18:33:40 INFO     Reduced source code size: 27842, reduced binary size: 32768
2023-04-29 18:33:40 INFO     Ratio: 1.176927
2023-04-29 18:33:41 INFO     Source code size difference: 2056, binary size difference: 0
2023-04-29 18:33:41 INFO     Initial source code size: 30525, initial binary size: 32768
2023-04-29 18:33:41 INFO     Reduced source code size: 28469, reduced binary size: 32768
2023-04-29 18:33:41 INFO     Ratio: 1.151006
2023-04-29 18:33:41 INFO     Source code size difference: 1689, binary size difference: 0
2023-04-29 18:33:41 INFO     Initial source code size: 30525, initial binary size: 32768
2023-04-29 18:33:41 INFO     Reduced source code size: 28836, reduced binary size: 32768
2023-04-29 18:33:41 INFO     Ratio: 1.136357
2023-04-29 18:33:42 INFO     Source code size difference: 2624, binary size difference: 0
2023-04-29 18:33:42 INFO     Initial source code size: 30525, initial binary size: 32768
2023-04-29 18:33:42 INFO     Reduced source code size: 27901, reduced binary size: 32768
2023-04-29 18:33:42 INFO     Ratio: 1.174438
2023-04-29 18:33:43 INFO     Source code size difference: 1469, binary size difference: 0
2023-04-29 18:33:43 INFO     Initial source code size: 30525, initial binary size: 32768
2023-04-29 18:33:43 INFO     Reduced source code size: 29056, reduced binary size: 32768
2023-04-29 18:33:43 INFO     Ratio: 1.127753
2023-04-29 18:33:44 INFO     Source code size difference: 1973, binary size difference: 0
2023-04-29 18:33:44 INFO     Initial source code size: 30525, initial binary size: 32768
2023-04-29 18:33:44 INFO     Reduced source code size: 28552, reduced binary size: 32768
2023-04-29 18:33:44 INFO     Ratio: 1.147660
2023-04-29 18:33:44 INFO     Best candidate this iteration: /Users/viktorgsteiger/Documents/ast-project/testing_output/iteration-2/interesting_nAyL5XUVPOfVgurZ.c
2023-04-29 18:33:44 INFO     Best heuristic value this iteration: 1.177181
2023-04-29 18:33:44 INFO     Best candidate info: (27836, 32768)
2023-04-29 18:33:44 INFO     Best heuristic value so far: 1.073481
2023-04-29 18:33:44 INFO     Improvement
2023-04-29 18:33:44 INFO     Iteration 3
2023-04-29 18:33:44 INFO     Running creduce
2023-04-29 18:34:14 INFO     CReduce timed out
2023-04-29 18:34:14 INFO     Compiling candidates
2023-04-29 18:34:15 INFO     Source code size difference: 266, binary size difference: 0
2023-04-29 18:34:15 INFO     Initial source code size: 27836, initial binary size: 32768
2023-04-29 18:34:15 INFO     Reduced source code size: 27570, reduced binary size: 32768
2023-04-29 18:34:15 INFO     Ratio: 1.188538
2023-04-29 18:34:16 INFO     Source code size difference: 0, binary size difference: 0
2023-04-29 18:34:16 INFO     Initial source code size: 27836, initial binary size: 32768
2023-04-29 18:34:16 INFO     Reduced source code size: 27836, reduced binary size: 32768
2023-04-29 18:34:16 INFO     Ratio: 1.177181
2023-04-29 18:34:17 INFO     Source code size difference: 551, binary size difference: 0
2023-04-29 18:34:17 INFO     Initial source code size: 27836, initial binary size: 32768
2023-04-29 18:34:17 INFO     Reduced source code size: 27285, reduced binary size: 32768
2023-04-29 18:34:17 INFO     Ratio: 1.200953
2023-04-29 18:34:18 INFO     Source code size difference: 786, binary size difference: 0
2023-04-29 18:34:18 INFO     Initial source code size: 27836, initial binary size: 32768
2023-04-29 18:34:18 INFO     Reduced source code size: 27050, reduced binary size: 32768
2023-04-29 18:34:18 INFO     Ratio: 1.211386
2023-04-29 18:34:19 INFO     Source code size difference: 786, binary size difference: 0
2023-04-29 18:34:19 INFO     Initial source code size: 27836, initial binary size: 32768
2023-04-29 18:34:19 INFO     Reduced source code size: 27050, reduced binary size: 32768
2023-04-29 18:34:19 INFO     Ratio: 1.211386
2023-04-29 18:34:19 INFO     Best candidate this iteration: /Users/viktorgsteiger/Documents/ast-project/testing_output/iteration-3/init_3.c
2023-04-29 18:34:19 INFO     Best heuristic value this iteration: 1.211386
2023-04-29 18:34:19 INFO     Best candidate info: (27050, 32768)
2023-04-29 18:34:19 INFO     Best heuristic value so far: 1.177181
2023-04-29 18:34:19 INFO     Improvement
2023-04-29 18:34:19 INFO     Iteration 4
2023-04-29 18:34:19 INFO     Running creduce
2023-04-29 18:34:49 INFO     CReduce timed out
2023-04-29 18:34:49 INFO     Compiling candidates
2023-04-29 18:34:50 INFO     Source code size difference: 130, binary size difference: 0
2023-04-29 18:34:50 INFO     Initial source code size: 27050, initial binary size: 32768
2023-04-29 18:34:50 INFO     Reduced source code size: 26920, reduced binary size: 32768
2023-04-29 18:34:50 INFO     Ratio: 1.217236
2023-04-29 18:34:51 INFO     Source code size difference: 168, binary size difference: 0
2023-04-29 18:34:51 INFO     Initial source code size: 27050, initial binary size: 32768
2023-04-29 18:34:51 INFO     Reduced source code size: 26882, reduced binary size: 32768
2023-04-29 18:34:51 INFO     Ratio: 1.218957
2023-04-29 18:34:52 INFO     Source code size difference: 166, binary size difference: 0
2023-04-29 18:34:52 INFO     Initial source code size: 27050, initial binary size: 32768
2023-04-29 18:34:52 INFO     Reduced source code size: 26884, reduced binary size: 32768
2023-04-29 18:34:52 INFO     Ratio: 1.218866
2023-04-29 18:34:52 INFO     Source code size difference: 357, binary size difference: 0
2023-04-29 18:34:52 INFO     Initial source code size: 27050, initial binary size: 32768
2023-04-29 18:34:52 INFO     Reduced source code size: 26693, reduced binary size: 32768
2023-04-29 18:34:52 INFO     Ratio: 1.227588
2023-04-29 18:34:53 INFO     Source code size difference: 5, binary size difference: 0
2023-04-29 18:34:53 INFO     Initial source code size: 27050, initial binary size: 32768
2023-04-29 18:34:53 INFO     Reduced source code size: 27045, reduced binary size: 32768
2023-04-29 18:34:53 INFO     Ratio: 1.211610
2023-04-29 18:34:54 INFO     Source code size difference: 57, binary size difference: 0
2023-04-29 18:34:54 INFO     Initial source code size: 27050, initial binary size: 32768
2023-04-29 18:34:54 INFO     Reduced source code size: 26993, reduced binary size: 32768
2023-04-29 18:34:54 INFO     Ratio: 1.213944
2023-04-29 18:34:54 INFO     Source code size difference: 210, binary size difference: 0
2023-04-29 18:34:54 INFO     Initial source code size: 27050, initial binary size: 32768
2023-04-29 18:34:54 INFO     Reduced source code size: 26840, reduced binary size: 32768
2023-04-29 18:34:54 INFO     Ratio: 1.220864
2023-04-29 18:34:55 INFO     Source code size difference: 237, binary size difference: 0
2023-04-29 18:34:55 INFO     Initial source code size: 27050, initial binary size: 32768
2023-04-29 18:34:55 INFO     Reduced source code size: 26813, reduced binary size: 32768
2023-04-29 18:34:55 INFO     Ratio: 1.222094
2023-04-29 18:34:56 INFO     Source code size difference: 436, binary size difference: 0
2023-04-29 18:34:56 INFO     Initial source code size: 27050, initial binary size: 32768
2023-04-29 18:34:56 INFO     Reduced source code size: 26614, reduced binary size: 32768
2023-04-29 18:34:56 INFO     Ratio: 1.231232
2023-04-29 18:34:57 INFO     Source code size difference: 337, binary size difference: 0
2023-04-29 18:34:57 INFO     Initial source code size: 27050, initial binary size: 32768
2023-04-29 18:34:57 INFO     Reduced source code size: 26713, reduced binary size: 32768
2023-04-29 18:34:57 INFO     Ratio: 1.226669
2023-04-29 18:34:57 INFO     Source code size difference: 0, binary size difference: 0
2023-04-29 18:34:57 INFO     Initial source code size: 27050, initial binary size: 32768
2023-04-29 18:34:57 INFO     Reduced source code size: 27050, reduced binary size: 32768
2023-04-29 18:34:57 INFO     Ratio: 1.211386
2023-04-29 18:34:58 INFO     Source code size difference: 66, binary size difference: 0
2023-04-29 18:34:58 INFO     Initial source code size: 27050, initial binary size: 32768
2023-04-29 18:34:58 INFO     Reduced source code size: 26984, reduced binary size: 32768
2023-04-29 18:34:58 INFO     Ratio: 1.214349
2023-04-29 18:34:59 INFO     Source code size difference: 300, binary size difference: 0
2023-04-29 18:34:59 INFO     Initial source code size: 27050, initial binary size: 32768
2023-04-29 18:34:59 INFO     Reduced source code size: 26750, reduced binary size: 32768
2023-04-29 18:34:59 INFO     Ratio: 1.224972
2023-04-29 18:34:59 INFO     Source code size difference: 829, binary size difference: 0
2023-04-29 18:34:59 INFO     Initial source code size: 27050, initial binary size: 32768
2023-04-29 18:34:59 INFO     Reduced source code size: 26221, reduced binary size: 32768
2023-04-29 18:34:59 INFO     Ratio: 1.249685
2023-04-29 18:35:01 INFO     Source code size difference: 829, binary size difference: 0
2023-04-29 18:35:01 INFO     Initial source code size: 27050, initial binary size: 32768
2023-04-29 18:35:01 INFO     Reduced source code size: 26221, reduced binary size: 32768
2023-04-29 18:35:01 INFO     Ratio: 1.249685
2023-04-29 18:35:02 INFO     Source code size difference: 264, binary size difference: 0
2023-04-29 18:35:02 INFO     Initial source code size: 27050, initial binary size: 32768
2023-04-29 18:35:02 INFO     Reduced source code size: 26786, reduced binary size: 32768
2023-04-29 18:35:02 INFO     Ratio: 1.223326
2023-04-29 18:35:02 INFO     Best candidate this iteration: /Users/viktorgsteiger/Documents/ast-project/testing_output/iteration-4/interesting_X50qhIRI3tno2tE9.c
2023-04-29 18:35:02 INFO     Best heuristic value this iteration: 1.249685
2023-04-29 18:35:02 INFO     Best candidate info: (26221, 32768)
2023-04-29 18:35:02 INFO     Best heuristic value so far: 1.211386
2023-04-29 18:35:02 INFO     Improvement
2023-04-29 18:35:02 INFO     Iteration 5
2023-04-29 18:35:02 INFO     Running creduce
2023-04-29 18:35:32 INFO     CReduce timed out
2023-04-29 18:35:32 INFO     Compiling candidates
2023-04-29 18:35:35 INFO     Source code size difference: 0, binary size difference: 0
2023-04-29 18:35:35 INFO     Initial source code size: 26221, initial binary size: 32768
2023-04-29 18:35:35 INFO     Reduced source code size: 26221, reduced binary size: 32768
2023-04-29 18:35:35 INFO     Ratio: 1.249685
2023-04-29 18:35:37 INFO     Best candidate this iteration: /Users/viktorgsteiger/Documents/ast-project/testing_output/iteration-5/interesting_nnAaUfxdqm5kY2Gr.c
2023-04-29 18:35:37 INFO     Best heuristic value this iteration: 1.249685
2023-04-29 18:35:37 INFO     Best candidate info: (26221, 32768)
2023-04-29 18:35:37 INFO     Best heuristic value so far: 1.249685
2023-04-29 18:35:37 INFO     Improvement
2023-04-29 18:35:37 INFO     Iteration 6
2023-04-29 18:35:37 INFO     Running creduce
2023-04-29 18:36:07 INFO     CReduce timed out
2023-04-29 18:36:07 INFO     Compiling candidates
2023-04-29 18:36:11 INFO     Source code size difference: 0, binary size difference: 0
2023-04-29 18:36:11 INFO     Initial source code size: 26221, initial binary size: 32768
2023-04-29 18:36:11 INFO     Reduced source code size: 26221, reduced binary size: 32768
2023-04-29 18:36:11 INFO     Ratio: 1.249685
2023-04-29 18:36:12 INFO     Best candidate this iteration: /Users/viktorgsteiger/Documents/ast-project/testing_output/iteration-6/interesting_sVY10QS8A0GQ0AfO.c
2023-04-29 18:36:12 INFO     Best heuristic value this iteration: 1.249685
2023-04-29 18:36:12 INFO     Best candidate info: (26221, 32768)
2023-04-29 18:36:12 INFO     Best heuristic value so far: 1.249685
2023-04-29 18:36:12 INFO     Improvement